<?xml version="1.0" encoding="UTF-8"?>
<robot generator="Robot 4.0 (Python 3.8.1 on darwin)" generated="20210803 15:11:07.232" rpa="false" schemaversion="2">
<suite id="s1" name="Lab Ui" source="/Users/phonkornkrit.p/Projects/ae-lab-cu/workspace/lab_ui/lab_ui.robot">
<test id="s1-t1" name="TC_001 : TEST AUTOMATION UI LEVEL">
<kw name="Create Chrome Webdriver" library="selenium_keywords">
<arg>${URL}</arg>
<doc>create new chrome driver with options</doc>
<kw name="Log To Console" library="BuiltIn">
<arg>------</arg>
<doc>Logs the given message to the console.</doc>
<status status="PASS" starttime="20210803 15:11:07.578" endtime="20210803 15:11:07.578"/>
</kw>
<kw name="Evaluate" library="BuiltIn">
<var>${chrome_options}</var>
<arg>sys.modules['selenium.webdriver'].ChromeOptions()</arg>
<arg>sys</arg>
<doc>Evaluates the given expression in Python and returns the result.</doc>
<msg timestamp="20210803 15:11:07.579" level="INFO">${chrome_options} = &lt;selenium.webdriver.chrome.options.Options object at 0x7fa4a7182fa0&gt;</msg>
<status status="PASS" starttime="20210803 15:11:07.578" endtime="20210803 15:11:07.579"/>
</kw>
<kw name="Call Method" library="BuiltIn">
<arg>${chrome_options}</arg>
<arg>add_experimental_option</arg>
<arg>useAutomationExtension</arg>
<arg>${False}</arg>
<doc>Calls the named method of the given object with the provided arguments.</doc>
<status status="PASS" starttime="20210803 15:11:07.579" endtime="20210803 15:11:07.579"/>
</kw>
<kw name="Call Method" library="BuiltIn">
<arg>${chrome_options}</arg>
<arg>add_argument</arg>
<arg>--test-type</arg>
<doc>Calls the named method of the given object with the provided arguments.</doc>
<status status="PASS" starttime="20210803 15:11:07.579" endtime="20210803 15:11:07.580"/>
</kw>
<kw name="Call Method" library="BuiltIn">
<arg>${chrome_options}</arg>
<arg>add_argument</arg>
<arg>--ignore-certificate-errors</arg>
<doc>Calls the named method of the given object with the provided arguments.</doc>
<status status="PASS" starttime="20210803 15:11:07.580" endtime="20210803 15:11:07.580"/>
</kw>
<kw name="Call Method" library="BuiltIn">
<arg>${chrome_options}</arg>
<arg>add_argument</arg>
<arg>--disable-gpu</arg>
<doc>Calls the named method of the given object with the provided arguments.</doc>
<status status="PASS" starttime="20210803 15:11:07.580" endtime="20210803 15:11:07.580"/>
</kw>
<kw name="Call Method" library="BuiltIn">
<arg>${chrome_options}</arg>
<arg>add_argument</arg>
<arg>--no-sandbox</arg>
<doc>Calls the named method of the given object with the provided arguments.</doc>
<status status="PASS" starttime="20210803 15:11:07.580" endtime="20210803 15:11:07.581"/>
</kw>
<kw name="Create Dictionary" library="BuiltIn">
<var>${kwargs}</var>
<arg>executable_path=${driver_path}</arg>
<doc>Creates and returns a dictionary based on the given ``items``.</doc>
<msg timestamp="20210803 15:11:07.581" level="INFO">${kwargs} = {'executable_path': '/Users/phonkornkrit.p/Projects/ae-lab-cu/drivers/mac64/chromedriver_80'}</msg>
<status status="PASS" starttime="20210803 15:11:07.581" endtime="20210803 15:11:07.581"/>
</kw>
<kw name="Create Webdriver" library="SeleniumLibrary">
<arg>Chrome</arg>
<arg>chrome_options=${chrome_options}</arg>
<arg>kwargs=${kwargs}</arg>
<doc>Creates an instance of Selenium WebDriver.</doc>
<msg timestamp="20210803 15:11:07.582" level="INFO">Creating an instance of the Chrome WebDriver.</msg>
<status status="PASS" starttime="20210803 15:11:07.582" endtime="20210803 15:11:09.638"/>
</kw>
<kw name="Go To" library="SeleniumLibrary">
<arg>${url}</arg>
<doc>Navigates the current browser window to the provided ``url``.</doc>
<msg timestamp="20210803 15:11:09.639" level="INFO">Opening url 'https://automationplayground.github.io/playground/login.html'</msg>
<status status="PASS" starttime="20210803 15:11:09.638" endtime="20210803 15:11:11.315"/>
</kw>
<kw name="Log To Console" library="BuiltIn">
<arg>url: ${url}</arg>
<doc>Logs the given message to the console.</doc>
<status status="PASS" starttime="20210803 15:11:11.316" endtime="20210803 15:11:11.317"/>
</kw>
<kw name="Set Selenium Speed" library="SeleniumLibrary">
<arg>${speed}</arg>
<doc>Sets the delay that is waited after each Selenium command.</doc>
<status status="PASS" starttime="20210803 15:11:11.317" endtime="20210803 15:11:11.317"/>
</kw>
<kw name="Log To Console" library="BuiltIn">
<arg>speed: ${speed}s</arg>
<doc>Logs the given message to the console.</doc>
<status status="PASS" starttime="20210803 15:11:11.318" endtime="20210803 15:11:11.318"/>
</kw>
<kw name="Log To Console" library="BuiltIn">
<arg>------</arg>
<doc>Logs the given message to the console.</doc>
<status status="PASS" starttime="20210803 15:11:11.318" endtime="20210803 15:11:11.319"/>
</kw>
<kw name="Maximize Browser Window" library="SeleniumLibrary">
<doc>Maximizes current browser window.</doc>
<status status="PASS" starttime="20210803 15:11:11.319" endtime="20210803 15:11:11.586"/>
</kw>
<status status="PASS" starttime="20210803 15:11:07.577" endtime="20210803 15:11:11.586"/>
</kw>
<doc>คำสั่ง run Command : "robot -d results workspace/lab_ui/lab_ui.robot"</doc>
<tag>CHROME</tag>
<tag>LAB2</tag>
<tag>POSITIVE</tag>
<tag>test_lab2</tag>
<tag>UI</tag>
<status status="PASS" starttime="20210803 15:11:07.576" endtime="20210803 15:11:11.587"/>
</test>
<status status="PASS" starttime="20210803 15:11:07.234" endtime="20210803 15:11:11.588"/>
</suite>
<statistics>
<total>
<stat pass="1" fail="0" skip="0">All Tests</stat>
</total>
<tag>
<stat pass="1" fail="0" skip="0">CHROME</stat>
<stat pass="1" fail="0" skip="0">LAB2</stat>
<stat pass="1" fail="0" skip="0">POSITIVE</stat>
<stat pass="1" fail="0" skip="0">test_lab2</stat>
<stat pass="1" fail="0" skip="0">UI</stat>
</tag>
<suite>
<stat pass="1" fail="0" skip="0" id="s1" name="Lab Ui">Lab Ui</stat>
</suite>
</statistics>
<errors>
</errors>
</robot>
